<?xml version="1.0" encoding="UTF-8"?>
<testsuite xmlns:xsi="http://www.w3.org/2001/XMLSchema-instance" xsi:noNamespaceSchemaLocation="https://maven.apache.org/surefire/maven-surefire-plugin/xsd/surefire-test-report.xsd" version="3.0.2" name="com.javaweb.departmentmanage.JwtTest" time="0.625" tests="3" errors="0" skipped="1" failures="0" flakes="0">
  <properties>
[...]
</properties>
  <testcase name="testGenerateJwt" classname="com.javaweb.departmentmanage.JwtTest" time="0.608">
    <system-out><![CDATA[eyJhbGciOiJIUzI1NiJ9.eyJuYW1lIjoi5byg5LiJIiwiaWQiOiIxIiwiZXhwIjoxNzg3NjM1NDMxfQ.NZ1YzyPjE78HZjIAXgeq9iYFJuK605xJNsupQEGZirs
]]></system-out>
  </testcase>
  <testcase name="testParseJwtModern" classname="com.javaweb.departmentmanage.JwtTest" time="0.0">
    <skipped message="token过期，暂停单元测试"/>
  </testcase>
  <testcase name="testGenerateJwtModern" classname="com.javaweb.departmentmanage.JwtTest" time="0.004">
    <system-out><![CDATA[eyJhbGciOiJIUzM4NCJ9.eyJzdWIiOiIxIiwicm9sZSI6ImFkbWluIiwibmFtZSI6IuW8oOS4iSIsImV4cCI6MTc4NzYzOTAwMSwiaWF0IjoxNzg3NjM1NDAxfQ.xXLPKqqrMKtuw9B5N4IKKg9f-SLC1Mv_Q1dgYanHvTp7WwSJZ7Bo29HKz4W54sfd
]]></system-out>
  </testcase>
</testsuite>