<?xml version="1.0" encoding="UTF-8"?>
<testsuite xmlns:xsi="http://www.w3.org/2001/XMLSchema-instance" xsi:noNamespaceSchemaLocation="https://maven.apache.org/surefire/maven-surefire-plugin/xsd/surefire-test-report.xsd" version="3.0.2" name="com.javaweb.departmentmanage.UUIDTest" time="0.033" tests="1" errors="0" skipped="0" failures="0" flakes="0">
  <properties>
[...]
</properties>
  <testcase name="testUUID" classname="com.javaweb.departmentmanage.UUIDTest" time="0.031">
    <system-out><![CDATA[db3fd700-5f48-4db0-a533-1200202d77a7
d85bd78b-054e-44de-bea4-0376b0d87cb1
2ae941ba-8a4b-45ed-a775-c0cd5f8bb746
81145f9b-e55a-4706-ae61-6e93a95acedc
e5ec4460-7738-459d-bf12-edecd073a80c
62c52e0b-8e32-4507-96e9-2e486b5bd553
3313c73d-8eef-491b-a619-032f8ac7cada
ea1dcc6a-393c-4469-a40b-10de57960040
4eb45694-bad5-497a-88d6-86b0d5b36158
bc0ba4a6-6872-4817-a030-3c3c54830049
e1e6b986-53bc-435a-a674-b99f764334b7
3ae78b1f-a047-4b79-b15f-a9800135d186
c334a0c1-af52-45a9-8da4-b418c11016f6
84ff3d4d-8f30-4ff7-9b59-c81c928135a8
a57c8d3f-be60-4ce1-8c8f-8732943ff1a6
22f61d94-4fa8-40e8-b29c-3b7aeefeeabe
8c761a3a-c069-4000-8863-fed7d5050b16
d0585c91-7022-4129-8681-2f8a6d73f915
2c8f31a9-665a-4200-aa9d-63a63faea8c3
4d7709d1-7c1a-4807-a289-29d0b7b80009
9568a726-aee3-4216-a74a-838e21ae6550
44ec0d5c-0ac4-441a-94a5-e35118a78261
a613e694-fc2e-4966-950e-1e5ff893454c
40e271d7-2528-4cdc-9b96-078a9532e115
94b9063f-c1d6-46b4-b19f-d9be106a2657
41bbd343-e937-4ac1-b668-755f2299d7db
aae39de0-c0c5-4d53-aa1c-ac47e59840de
20a20c38-50a8-407c-8929-ffb1c184c597
0cd045e7-e36d-480e-8fb4-86c6a8d28a93
18a78bbd-00c0-4205-9892-9532a8a09c02
a40c3f1c-8fb5-458e-9aeb-dcb649fb2376
27638e74-6d77-4217-b149-98e25e439bf4
3aeffa88-6922-48fd-96d1-d063117ce6dc
25eed531-603c-49eb-8b92-4dbbc09bbb14
b574ec53-abaf-4fbb-be07-6e40e388a635
bcffefeb-3972-4d02-86f6-c4550d89ac0d
dda02164-ac08-4531-9809-04ce26589f58
5c18a63f-3e5a-42d3-9f32-0d86f8b02f47
f991c1fe-d8d4-4a16-84bc-6a7ba375e721
508d0db8-b732-48b4-ab53-6715e5ee881a
46b8a525-2f28-484f-b90e-569f94367255
6f4e5477-c7db-4ed1-9e9d-9cc039899730
694a01ba-6842-46e0-8800-312c5f59f9ab
fdcbb141-2fed-4d2e-b6b9-88e6be6dfb1b
f1f33295-9884-464b-8ab6-1b82befe88a0
91604596-4cc6-41a4-9196-81decacb7376
8178e1b8-aa28-4c0b-b2e1-3c29a03db5e5
6d384b09-3954-4b57-a795-1262a9379876
016673cf-1e21-4a99-a235-9b38ea11575d
a236e98f-c2bb-40f5-97e7-41d386e0f35f
f3310b57-64ce-435c-9072-caadbe65bb11
78bca6ad-a40a-4da6-ab10-1742092d5eff
17717cc5-6180-437e-abc0-f7765dbc0988
de4d478f-e136-4854-ac41-6bf3a07aae3b
0d4cb659-1e08-42bd-9028-426ade5f16a3
7b9c85f7-1176-48a6-9356-27ac1f468b0f
0c3a7c0e-f998-480c-97a5-cb2bbf8a9a73
4a1ac3be-5f3e-4dde-8770-5039994032fc
3dccbfcc-428a-4f47-9aed-9e88650ce23c
4f0f027a-4665-4fc3-ac63-767611ae60c9
f6c5729d-127c-4de4-9ea7-e75650e01906
e0b99866-e3ef-4516-ab7e-ccd673584808
f84220e5-c734-4042-9807-608bfa89dc40
6495d100-7f32-4589-b6e0-1dc214e4c8a1
7a1ae4e2-6b50-46fd-8d84-9ea44eb1ed90
af81cbd7-2b68-4cfa-91ae-327eef50c8ff
33b3ed23-5798-4ff6-b985-f609656cb085
d041a3d0-30f2-4ba5-bb53-85ab059b88a2
400de70d-5725-4f68-8970-a6b1e2bd4e65
4613a64c-e774-487e-80a6-792c0e2e52e3
2615c294-4151-45c4-b757-7e1678b505e6
354eee0a-bf56-4a8b-b7d1-9e35ae14df6a
382a7f59-5702-46ec-bdb5-8b983e421467
f37e3834-fa66-40e3-af24-0daa10082e32
96e98b5c-cf0d-4207-a006-adf5a5b358e4
66314388-80e4-464c-82be-af69c9db7b28
5652c7fe-5153-4fb8-9664-4fe895e7dd68
e2fd29db-dcdc-4cd0-a6b2-f313c04da1f7
0c4b74a3-69b6-4e11-9924-5dd687c5d476
6aca33ae-479d-4e84-a9f5-26b917a9153c
97009438-1e03-4a65-8b4c-c615879307fa
27a849ef-b129-4236-a182-d2b0bad9124a
97c0f711-b8a5-475c-b8fe-f9aced072143
40488ca1-95df-4a1f-8ef9-eb83095dbe1d
eb04e32a-1a1d-4f13-ad64-abdb3973e3e1
100cc832-ff6b-4f9b-950e-5044dc0b8668
f357aa92-533f-4415-8c52-c2829d42ea53
93c4a4a6-083e-449c-9ccb-d2559e4f039a
8473c42a-16e0-4dbb-8653-3980d6f82da3
cbadb545-21ac-4543-a761-c0a5116270a0
08f4a6c6-d043-4747-93a9-c927ccbaaa76
01872278-9a6e-42c8-82a8-eed40115f63b
cb04390b-b719-4abc-b62f-30e9c08b1fea
34bc73e7-fdcc-40a4-9d4e-f0f7001b5a34
5f611b79-d949-49f2-a3dd-1057c52d0fdd
941c21a2-6052-47fe-8359-3db640c5524a
15ca56af-011d-491a-91b2-1e266916a6e8
a191be19-dfae-4cb3-93d6-8816faa5e0e7
ad231969-4725-49f7-bdd9-774a0a4ea79e
67ebb99a-a3e3-40cd-8548-3befc34fdcc3
ce42144e-a130-4735-a1a3-c7cf492980f8
84a28423-ec7c-48a4-9b42-2091d5bfff3d
63dcaa64-6dbe-4b97-bb4d-1d240c068dc6
967cfa2f-3318-497d-8be6-87d0c83097be
4734fdde-b64b-402e-a2a0-38d1c6e547ce
80ff8e33-2b44-4f2f-bd9b-6a6223252e58
06596d24-1d30-4175-b716-e9946344b297
16243bcc-78c9-412e-b76d-60eadf7389a4
16d17b7a-f97b-48a3-a5a5-f43867a34c05
05d504e7-f25c-43b7-ae62-911b8ee82757
9499810e-2979-407d-af78-e594ce91a48d
3e9381e5-7c39-4343-bfa8-2c73212813d2
36c2c063-f154-4f31-b40a-98f3c3ca108f
f4204eb2-94e2-41da-887d-c18ab50cebf5
1bc06167-07c4-4f67-99b6-9079b439c260
d439fd2a-b408-444a-ab01-2919f03bf941
4afc0192-e18c-487b-99f9-14a1f1322fd1
1fb6d339-5fc7-474b-b085-797049de51ce
83f4c9a0-e346-4428-ba5c-810d251b5300
bb61c9eb-a268-4d25-b6ec-8e5104475d1f
34c02acb-d184-4fa8-87c2-aa35c552da43
7adf0ecd-0bf8-4c4d-ac95-dc2aab5e5297
1f6cca83-a5bb-4c33-948c-dbf821cae535
f99ee81b-e43d-49f1-80f1-e39f577e10ba
7f93be07-347a-4c52-a688-4039fc94c5c8
35afc122-9d50-4e6b-80fd-67b427accc9a
3acd70a2-ce56-4942-90f5-0f6c4d6d592e
34d76df6-bc19-46cc-8602-8a6284d6f02a
e57e91ae-146e-4d59-8f69-bd19049aae78
5fde4d65-97db-4284-ba5d-5db91a140fab
2c2bad54-c433-42f1-a500-2174ccd1a9c6
3fb98a53-bf1c-4367-b021-00f592e59cf2
836a3cfd-2a62-42ba-99b2-1982ff3386e3
914aa0c8-65de-41a9-9684-df2a7342362f
98423d22-0022-4e1c-bdd1-74e1635f708b
9175b869-f88c-4411-8eef-84527d914793
d02911de-7a1e-459f-a621-1319c6bf3a6a
2746a438-eb0b-47fa-84e9-b2622e4819f5
3113e7ef-2517-424d-a158-988080d2a3c9
29edb77b-de4b-480e-a7be-cad4a3fa047e
2e54bd7f-712b-45f9-a6e1-10ac81b1843a
6fa9e146-d7db-493a-9198-1dd0e6a396a2
39ef2e8b-eb6c-4c37-8287-c1a95e3098ac
63c360cb-86c7-43d7-b993-2c11efa03e4b
5ec84ebc-bf59-44e2-8d81-2e6782fbe42c
1c61d2f5-3de7-4de9-bc7d-c90bac8badde
24ad3132-3cf5-4d7d-a468-ca29dd78f7b7
262272c9-a59b-4e56-b138-a45c8d456342
1361329f-a843-4dd2-afd3-72f1284c301a
0ff7c0a1-66f7-41d3-a617-63dd7b3b5379
3849eebf-8873-4a0e-a1a0-5b54d5140fcb
e2ca5249-8d01-4416-8f19-e1dae9dbf34b
343915af-5568-4621-8123-474233dd315d
25050fd9-6620-4f64-9eb9-09fd876be6c8
7b174e28-e56b-4e60-98a6-9bc45ec9712a
79381463-f9b1-411d-9e57-4a030ffff6bd
681678c9-45cb-400b-bb1d-f70bd97aa1b0
8611ea89-726f-4504-a7d5-9478fb1dd3fe
778fd40d-c1e8-4ae7-9661-0f06fc3a0a85
0a3f95ef-4c58-4273-89e9-f8e839302b5d
dfd0da13-6c7f-4b0e-abb4-29a3ef142845
51ab22f1-3cb3-4859-8458-811fe120b68e
174635ac-bf06-4f0a-bb43-daf427e37824
adc31da5-97b7-4b80-b93f-1bb34b276a6c
e542e96d-d6e8-4f16-96ad-7e3a9d238464
ca0f76cc-11b0-47d3-aead-9d80b8266d84
fabe6676-86cd-4942-a693-899ef002a0a8
9fb3f2a0-9e3f-4a29-8493-174712d92bac
f139297b-21d0-4d4a-805f-8a143f859268
38740d90-b6aa-4a40-8074-19a0756552b9
eda15a3f-1dc1-43fd-90af-9509969896e1
6f87e411-1d72-4e75-879f-f57ed3f65cf1
f9bf3ba7-41a4-41a5-8434-91cc6160f69d
83b2bf0d-3c1e-4a99-8b41-1dc1d51d5fe5
3212210d-fd67-4549-8009-b1a85fb66549
ad0fe955-fb68-458e-8e62-9bf4e0a4f199
3cc7c5cb-a30f-40ce-8c54-c3b4596f8d13
a1c2547a-9c68-459c-9d25-b0bdd99a936d
eea1f16c-a17e-464e-8bfb-d51ab1d8e640
bbe00e00-3f10-4338-a7d6-a50397ca328e
2cfda1ff-108f-4665-a585-2188faf97dde
f166ac96-9ea5-4e9d-9498-71efda07336c
799c6dd1-388f-481c-a679-a1a2288f1e4d
cb60fc46-f010-4661-a5e5-f7acc7755a28
240ff746-44cc-449e-905d-9c61c83212eb
ea847f12-f750-4ba1-9f51-e5b81aa4e0ce
f5af5a70-db3b-4a90-b046-d42b7d9ed9fc
4be343e4-5890-4c9a-9666-3770782c490c
2653fca5-c752-4a8b-9d56-df0d1d537a93
4e3a731a-9602-47e1-999c-484d704e5692
b8e4d165-e930-48ed-8e96-3e088ceb94a7
3cd20672-5ce3-421e-a359-e754984f9472
0e89ce4b-c928-4c13-9f2a-34e547c60b17
ae5e3df6-1fc4-49d6-b5c5-270c418e024c
587839f3-37d0-45b5-8832-e45949a6ade6
2926ec27-4330-4d1a-9fec-5a707e6c7a73
af17a282-5fb5-4a9c-a13b-2f21bef57a32
4fa6fe50-d525-44cd-8915-3666a5ed15dc
6d10c644-9338-492e-a434-aca1aff18e09
04563826-b771-4391-8eb5-cb14628de74f
2001ffd4-76c2-46b1-9d9e-b885dedd4a1e
2f08b095-de3a-43f6-b574-b7b98b10f455
8b2a8802-92ca-45ed-98d6-74e3adbe5503
0701cfba-06ea-4ce1-8a6c-75f72f370541
8c6c06d3-8720-485d-b896-89f1a4cabbd1
5f28c504-5b90-4f56-a0fb-97f99a370ebf
b1cdb211-c0e6-43c0-91cd-d310540a56f0
ab77a665-f2d9-42e5-bf72-beb159668fd0
b9c12e00-4d69-4ee8-8439-1d7c9d30f4d8
eba72291-b7d4-439e-961a-987f46cb242c
b6397b45-475f-4ce5-8e56-0eaeeae79af3
db32d642-8034-4819-99ea-cb239e638000
683dec38-dbdc-4248-8973-0464f2c3d930
6d255090-3919-4cf6-b421-af1954761b67
40f935b3-e97c-47ca-acd4-e912ba3d9a89
4b2de75a-6c0a-4226-9c7e-eb3a3bd1bf09
76074a91-ab6a-4d09-bc53-8917ec1a2a87
861ccc82-2a89-46d7-8853-026c6296f2ff
9ff71aff-bc83-4916-9edc-dbe284377be6
1143b914-9ca3-4e64-b0ef-7fb4042b29f9
c8834f5f-d893-4c6d-baba-fcb100de7d1b
8667f1db-c4b8-42b4-a357-ca63c3142d2b
3933cd6c-fb3c-4447-a7de-ad4692748e26
98a45809-aff4-4459-b6b9-226f67b676b7
a68ef5fa-37ee-4926-9d67-4c5b44ca1185
b21e3787-771c-4643-83a2-8cda7512226b
3d83c661-fd95-46d6-b95d-de46885399af
c500c5a7-5177-4e65-866e-546374a5c1e3
574dfec4-d967-4709-9796-b6f40fe8c6cb
0662ede6-40d2-40d7-a47a-717b696c7e4f
dac2be60-98d2-4cc8-b742-49a7a09fc228
4a94b30c-0e74-47ab-b770-74de0b6413e6
77563586-e975-4a3f-b9ab-4f1b4c8d662b
59d06806-4a0d-4980-9331-bd03a5018ddd
e3be0c70-697b-4940-8313-7e7e38773c69
c4cced92-5a17-4c33-850d-229475eb47ef
c578b531-4172-4d5f-bc39-ceb92abf5863
8d85b799-e463-4999-9371-7775ea38ae72
9320c4c0-fce8-4e1a-a0bc-a19939842980
047c5e2f-1cdc-4310-84ae-a15f271483bd
9531376a-ccde-47c1-a425-7dc2844e0f00
0acd3c2d-621d-4969-ab5f-fed35b73fede
5da74725-9206-495a-b80f-a6c79a067760
f2225dfe-d068-4160-9a0f-805478c2cf00
a1b48340-4424-4c1d-9041-8f10827bf943
0ba79cc9-a88c-43f2-9ffb-4b2f91150a13
e1807e38-d7ae-41bf-a196-4c2e381cb176
9176d039-f7ff-4f05-86ea-3413257be715
11f28448-11aa-421a-b1dc-27b655432c33
ed2d4cca-63ac-44d2-bd82-d79e91b7299e
0fd3544b-408d-44e8-89f9-8611e944263b
cbcab0d4-5cae-43cf-9920-7e0f10c6ad8b
44e28e41-657b-4b09-856c-d0b9b6726435
e3414a84-e9e9-4b92-b677-02c969e0db94
3327d813-1609-4da3-a6da-1f419c05fe96
26e35c07-e37d-4fe2-894f-0e38fd96da0e
dd61fa8b-08d8-4555-b55e-d29fab892443
877877ba-6181-4112-9e24-ec7d98bf8b76
5d05c28d-f4b8-43e8-a3a1-fcd9975cfd5e
909a9d1e-1e7d-45c6-a92d-34766ca07df0
e100a544-5f1c-40e0-8a46-cbac31a7daea
b00764e7-5903-4189-9af1-654a0cc55718
1f46a741-6245-4f29-a75a-5e3952d008c8
f6d87da5-f57c-40cf-99f8-49658ceca057
baa3ca50-1f21-4622-bceb-5763071dc743
6d84f7ee-b4ba-417d-a881-36f0ff5d8b46
21904d6d-edda-49f3-8665-5ce287f43b03
d382aaec-c55b-4738-b51b-60c14cbf9f57
feb8467e-7d80-4e92-9449-426a8de994e3
c68aeaaf-b709-4f50-a12c-a9f7147286bf
7c70f2dd-9ef7-4fe9-bb60-86d922821f59
23a042f3-b04a-495c-b698-6df8c627c746
07e830d0-0a0e-4ada-bf5a-b3128c2c12e0
a1e1d232-6141-4fcd-b666-6964a18a6903
0f009912-6a1d-49a9-8106-a8a71cc121bb
21314dd6-eb0e-4ca9-a0c3-43dd5d338459
2adc1a64-e659-4fc1-9e39-5e8e8fc0bea4
ccfbfc22-1891-4de0-b8b7-d92f76cb4a00
270258ca-ee94-44d9-a302-5a3041345843
53c54614-7997-4f41-838b-7735254de409
8b1c89c4-259e-4d55-8a43-da9ca7bb3cf7
d0385d12-e144-4859-82c5-fdebd2f9680b
925c1049-5465-47fa-bf41-11d23f38c66b
11504dd3-5517-4895-a0ef-b301940c21ad
5877e82f-02e9-4dcd-ba91-188b082ba9dc
5b5738c0-c3e5-4041-80d8-8ff45d64d38b
14886465-292f-4cda-90a8-c76e4fd9eff7
e21909d3-cac2-4fb1-b15d-330f2fd264b1
78e63b14-dc1f-4897-ad74-fc4348faddfc
3293a9dc-d8cf-4394-9f34-9c1e8e0964ea
57131c03-6a03-4f54-82d9-74abc7a64e87
c6946615-b6e1-4120-b3e7-b80704e8e4df
1d5f9d10-0bb5-4c0b-8076-d730c81c1c21
6df717d8-f606-4baa-81b2-49ce1826d640
f18845a5-7c04-44c7-8a82-d92c9111b18d
81ee3982-ba3a-49cc-ac24-05633d40d403
4a612bd7-40a0-4e5c-8a66-bc843aadf17d
b0dde069-d8b3-4dd6-911d-bce0dcb0e2e3
7fbbb7ec-69a9-4489-986c-ef8ec0f2ea41
30f0778e-f82a-4757-9e7d-4e81a51446c3
4462bc69-5505-4392-986f-14f3a0a1b28f
f9fa3d05-4435-44c3-940d-8bb70a321ca1
3f29ed4c-f94e-4824-9918-221a0a6b9dc3
e31a8819-b59d-4907-860f-70bde14948d1
b8cb85f8-08dc-470c-8d47-cc7a45875096
9c98effa-0801-47f3-93df-b5b50c01153e
7b6818fb-cac7-48b7-811b-e5d01171a8b9
f4625b8c-df5a-4d17-b921-301a832c0eb8
1fcee67c-adb0-48d9-8151-ca72a2c6c139
46f0a557-5349-4a92-822e-db6eecd5ff8e
b12fa87c-efc6-43df-8c2f-6659773ea34a
33096fcb-34cb-481e-8aaa-7dc18f25dc82
57653953-c2a4-4886-921c-cdaffadd09bf
22a35c5c-0382-4cae-82ad-563511c25fe0
e6a987be-954a-41e0-b294-5f26ab766575
00216ec7-6048-4258-b3ce-e0c8c182cee3
fad69d2b-70e0-4a27-a9b2-367e369b7e48
da7f593a-1300-4304-a830-8c4b422a086e
5854bf7a-8299-4cac-a6d7-0118ab8d2888
a768f135-e6f3-464a-8e9c-c7c6c8392d96
142befad-d786-428d-b8ea-dce62a7b45d0
96037668-7e9e-4385-b67c-9f4fbf0f418b
d36f17c1-dd39-4e6c-a7b3-18d24f6f59af
7361169e-d5d1-4c6f-8b50-ece9e931c9f1
70f31c6d-ace4-4621-bc9a-9432ea8683c4
d905ebd8-457a-4d97-a964-d4d4803a1c4f
e4d1372c-57f3-4e52-bcb0-3174e74eedc4
dbb02041-0516-4c41-9177-7df7962ce9a5
40eab89b-48c6-451d-98d7-b4205f4c0a3e
d995daf3-076a-44dd-9471-621ff26c3181
8b0f107d-dd64-4aa5-9121-c877e3c45a1a
7745e235-12bb-4b42-b905-483506d18063
076b3723-38a6-4c06-b465-e5dcba7bba1e
3e8f89ba-d81d-4801-8403-dcd56f9a45fe
d18ecd45-b96c-4597-81a2-83655256888e
514f971d-3561-4a05-a450-c223b6fba33a
14bb0b4e-be67-48f0-8723-8584776e8e8b
3070f3be-0a62-4542-977d-fc5f9938427f
24433e6e-49e8-4057-8db0-56e2d33ffe8a
c0bf7f71-ea10-48c5-94de-2ecdbdeb5f9d
a3d0f358-5197-45b1-80f9-70561f88942c
a8fd96b6-60ea-40ae-b04c-31665d80b7b0
b3bb8aa7-6d63-43b5-99ec-c36160e9c27d
f44f69d8-c84b-4b7b-a228-539ce38af87b
44ba9335-2096-4049-b2c2-9e812a8172bd
bf5fd42e-4a2c-4510-b25b-de3a198ba8c9
62b23982-62f5-4f3f-b1d4-6142c80ee515
caad6c05-c348-4eb0-8d6e-2263a3edf810
2502fcf5-4a96-4f87-99e6-6c9f969871ef
66c8a888-a7da-452b-a58b-e737acf24533
f382c3e9-e815-4bdf-82b5-e8b829fe1a35
84a20d67-6f12-4b57-a791-d0e1188cce21
c4d333ff-d0e2-4de6-bd80-f26c72335214
a26d5e7f-825f-417b-a94f-7dd3a21097c0
a61575fd-3b75-41ac-964a-dd7f3e98c2e2
6a848824-8eb8-49e8-bba2-f56e57720158
4481a08b-5f43-4d71-ba4c-445cd01764c8
c135e32e-41ef-4ca6-b121-e41475302575
310b86d5-5628-4714-9ef4-d8874b50114b
85c60782-8721-41d2-b753-5957859a1790
bbe3b2e4-1b47-4f80-9976-181ba33e0d29
3ccb7a91-0ef9-44a7-92b6-0420c285c6d2
ae8cc36f-38d2-4fe7-928d-e76330d38c54
ac97ad12-e9ae-4e58-b53b-851eb328d0af
abe81e9a-afa1-4f23-881b-04a8c5c037f8
0012d042-65b8-4e88-92b5-b2381f8b2fb3
7f2f5bb5-903b-4fec-88c2-0eaacc382b16
f3381af9-6f22-41d3-ad4e-162d0d6a6dce
10810bb6-5ed9-4781-bbc7-d393de811423
3b6035e0-dddf-48f6-9f3a-c406dabe1ecf
a2d2f8cc-e845-4097-84df-1d1f7e19d3a5
201a26e1-c43d-4127-a9b1-3c5910f23167
8bd47d77-5d7e-4320-b845-843e65c17eba
464c8ed5-9f3f-476a-a780-30fc4bf35d7b
becee93c-d5d6-47bc-b089-2a34be4708f5
d2ff5c72-f1f0-43b9-8713-551e18f168c4
790a364a-750b-4fab-893e-3b92dd9667c9
42f73e2f-11db-4bba-84b1-e4a6bfd6e4a6
fbaaebcf-fd04-4b65-b81f-4a0693c9172b
326cee15-fc4d-4c0a-a2c5-8c198afe9470
47c3f996-f3c8-4b07-afbf-5b96f15ec32e
8ffeb324-6a84-4892-bdcc-69159c89104c
794925e8-265e-4d76-ae35-4378c9809d13
c0b7ebb4-d457-4d97-8ab7-026f92a8fb8d
f96d5fdd-540d-489f-bd91-3d0935525bf0
52d66b58-885e-4a1e-99bf-00c1abe9111f
9054619e-5c82-408a-8e39-2f29c4956f49
23c9b596-9d8f-4fee-b8a1-8f9078caa98a
6ce3b4f4-29c3-4868-8751-ace11e1593b2
e191dd0e-b308-4557-a9dd-dde9179e35ad
250b6720-19fc-4de4-a9ee-18b66d88f211
5446c866-04f6-4b93-86da-6989f3e8f023
6bd3e258-7ee0-40ee-b9c8-36410b9a6cd3
19691429-f4c6-4194-bada-839156eb531e
4df06bd5-7a62-457f-b779-320193384ed3
3ff17b4e-6e6f-4502-919a-e748d47cebab
b7a294b3-1953-4ccd-97c9-3b0bdfe817b8
c3d7e005-8107-449c-846b-cf40bf9b29b0
96a552de-acc1-4c41-9265-600c977b1a4c
ae1bc17c-acc9-4209-8ae3-86729b7199a3
f9474d3b-2881-4583-80a8-d6d188497bf8
548be809-1c25-4e6c-ba1d-f9b4920b6c40
7f7794ef-578e-47aa-8cdc-cf0e9614369c
488e80e6-7363-4fc2-b194-6d19d8eba487
c6166808-78ca-46ce-993f-d250045ea4b1
cec3e2b6-ec90-4f95-861c-11d2b33bcb8f
b9afe5d5-459a-4e91-89b9-645eb21e86cd
50935ce1-c355-4a14-a863-a01f7139d9e3
cfe7d6e3-5f74-4a2a-b6a6-947c9c079f28
cd0a562c-faa7-4c2a-8e8b-69ae9d2c0096
2e9e75f8-8676-468f-b1ef-8576192b1b8e
d70f0c7a-9d03-4141-af6d-c8a1aed88bff
5a0ab8a4-097a-4608-a9a0-71f5abe7a8d3
ef4631bb-067f-4e61-b0ae-55da31f3e754
bdc53206-047a-4a7f-ad94-e89df5542573
e60d3c60-c3ce-45c3-bc87-91fa14dbcd25
2318600c-6238-48da-b5ec-e8d77c805659
95ebb69d-dfa8-41c5-ba7d-acf868782c7b
d40cd42e-fdc4-418c-9164-9cde2eb5307b
abea0ec0-eabf-4be7-8d59-c91815b26122
44c5652c-239a-4da4-9a33-411a472eda66
037ad65b-76da-4557-a0f6-6ae8ba2de659
eb9bf3d9-bd53-4efc-8553-b3fd2650ad2a
6c76f6d6-48fe-4f5e-8bff-bf8400b19737
88af72a0-fec2-43e8-bb7d-019d4aaabfc3
8f563338-0d70-41dd-b326-fceb921221c5
2c7b69f5-abec-44df-b106-be0818a8a804
a1fb7bca-6aa7-40d0-9601-15d2621b59ef
4dcfb631-601b-4cd7-8c06-e4a041960085
7d390c20-3b75-406b-9cf5-041154b26fa7
e5e80139-8962-4bfb-acf0-0a01fec8b0b4
682b5701-e4c3-47ca-8f85-3fe7ea3fbdf5
a8a0bfc9-4604-41df-9385-1978702354bb
bba58b92-f1cd-4107-8905-d40df5e60616
c3c6c7b8-2b1d-4292-868c-c69ec1f9f56b
df555ce8-2cd1-447c-a899-bf94cd2f6f2e
63e7ddc3-bf9f-494d-a986-bcf35c6b9e14
5edb0603-8d1c-47f9-a140-7d5a3f619acf
0699c32c-b7a7-4dfc-82dd-7bdac91828c3
fe8b268e-35c2-4545-9876-ee375d6cf2bd
ddc6a13f-c561-4654-845a-229b3b529666
01beeef9-70b0-4f4e-8ec8-4c1f7aecac2d
a90ddc23-7cbc-458b-8354-3cab38cdaeac
01b4f438-5ee2-43b2-8b7f-0e5b34282160
ded6b866-83b9-4312-8542-6d31cb16299f
5931e6f0-eaed-48c7-ade2-5d8e25173a23
c8df5e51-d740-457e-9e2e-6656f4a66ad6
7b16ef3e-297f-4610-b9a8-0ebe58563c30
3a6fdd63-24aa-4dab-bda3-a4535f290977
d78797b6-48ee-4b56-8b84-1fd84fce07bd
a2f31c7c-4738-41a8-a119-209fbb22eefc
f8323ac6-a831-4058-9967-5e3c65555162
84dcb49f-0b65-41db-89f9-33780bae7ab3
ae17f84d-806b-435f-acee-9e9041472c61
dc037932-757c-4550-b132-69e0e80757be
ac3ad6c5-810f-481f-80b2-61e7a1abd690
ef82e4b5-3b38-4f34-b44f-f6756a45bd34
91caeed2-4c1b-4060-928f-5b8f80dd713b
0a6bf01e-34c2-45fc-8749-a54e01caba56
ee3335f7-3939-4cfb-bf51-59581e52eb1f
02407739-ec42-4d30-a3b9-02e1792769fe
446740b1-379a-4a06-8316-648b0ae0ba5d
3ef4ec87-4dbf-4dcf-ad3f-e95ff0992cf8
7d65f3d5-524a-4bca-9024-e733d395d29d
065342b3-31ed-4a5f-9000-d3a994c2e6b8
438b13c9-6891-416c-b640-142f902db121
71365684-132b-4b75-957b-e2f4962c9604
2eeae9e5-6dd3-4a76-914f-dee833fddb95
1873f770-7775-4618-a52d-9d96694134b1
fb793110-f387-4c77-94b6-3c4fd9a21b31
793bed90-dcf7-40b5-b64e-6b7cbe9bd97e
883667e7-ade3-42cc-8664-aa10c120e0a1
4cd622d2-8ca5-489f-92a9-768291035773
e0c6fdd2-3df0-4f79-99c0-2a3b35fec363
87874b4d-06be-49bc-bfa9-807bd812e810
69d377f3-9d47-4d40-9cf8-2a53d64249e8
9c12c9ec-55fc-4e1b-88d8-5167fb4db3bf
aea30a63-45a8-4571-bde2-f5162f20fbe8
b0d2a361-496a-45c4-a03c-e1b5734bc45f
047e04fc-4402-4049-acd1-610fb21190ce
eecf044e-cf0a-4369-a660-c03e7f0b9e2b
c76d55ce-df03-4468-8ae5-48f8a4ec5c76
cea32ead-8af2-4dcb-854e-0177de75675e
32a09e6e-b93f-4d1e-b5b0-ab1f51eebc9d
0d29a4f2-257b-4222-aaab-14e25c739f73
9e9db025-f611-4797-90d9-7ace2864f800
290f8a33-6107-4bdd-8c9d-eaeb0ccd323c
24248504-ec8f-49e8-a04f-5bb8bb4f4675
cf270ebe-4785-45c5-bfdb-cfd22f6a71a4
93f03cf5-c532-483b-88cd-414b561c4dbc
7ca40767-769e-41cb-a6ef-650fa9d2cc51
dd731c0f-5324-417e-8b1b-e439fdce302a
25696c60-055e-4811-8c76-0a1adb2198fb
48b79005-59db-488f-848d-909af84fb8cc
b6eb8e52-328b-4c9d-8190-559e13a0f515
4bbeea27-07e5-42a9-8e75-79983ec33be4
a50e8226-35fc-4898-a610-578579dd7f5b
a289dd8f-a25d-4c75-9303-3d6ca39e87cb
d24234a3-35f6-4459-b303-be8464cf187b
6e144cfa-f468-4d64-ade8-affd3493be14
87707a4c-cc3a-459f-91b6-0f1d01aa83e7
21dd7656-e6a7-45d7-abd6-e38ed820fdfa
be254b37-1d30-49cd-93de-1f67cb57e51c
0d134d56-5e5d-446c-9f9a-9fa406f713f0
984cd29d-d64c-4596-a1ea-caea052da2a1
7cb25949-a355-4689-86ef-10bea6072ee3
32299d53-b18d-4771-9565-441e6d013979
2b35733f-563b-48c1-9b8d-bc180f32bb87
37174798-ff3a-478f-b859-e5b01dca0941
74fcbe00-3b8b-4287-932e-0596769f5209
4c5c6a0d-8e21-4bc5-8877-3a48e2b1ae70
4f3b86a0-1548-4523-bd8e-e805c990194c
4d668920-ea12-455e-8799-3f1ae2f60887
f1255e27-3f08-4eaf-b25e-e8a31bf36512
e2ee1cc5-1de0-486d-9c1f-94c953e1494a
f837c5c8-66e8-47d9-beff-e447a976e690
347ad185-88ba-4852-95e9-25d14a78753f
b6e37f42-2615-4acf-99e6-74b998b75ce6
21fb3108-abf2-4274-8545-56da3a0c527f
3f9c05e1-599c-47e9-960a-922888e12209
82f26e3c-d3c0-4a3f-956e-4d763c7c5476
efbc72e1-5fb5-4b6a-affb-9cf67d212562
0e122314-ad54-4ef6-834a-8d607b070b2d
ef3a9ae1-129c-4aa5-8d50-941f4531074b
c1a27ceb-d144-4321-b5dd-ebb44d58bacf
f48985e0-dee6-494f-8716-025860c39039
a866483f-c27a-491a-b603-3f0ab9cef5df
fbf6bde9-01c5-45a8-883d-c77851f3c54e
479b574b-eb2a-40b3-acdf-8d682d8d2136
31ee3d9b-5e98-4d45-b0ea-0bb0b6cd328a
7a3783c6-4f60-4b1f-919b-81e5e2eec8e4
31d46f2f-15c1-48d2-9647-4e7bc8255c1c
5aa2d5e6-39f6-42ea-8a13-28b9dd0357b5
25bcc78b-69c5-4af8-ba24-093e8e205308
43bd063b-25e6-46a1-bc2c-bf357b4aee8d
758ff776-18b6-4340-a5ff-8b3626df7139
fecc9b1f-ee54-4bb6-82e3-11d2da48079f
099f0150-21b6-4b15-b2aa-9b9cb4241966
dbf74d3c-294b-4d4d-ad82-c0fd727ca996
c8ef8eef-7268-45ef-bd1e-092037947770
9c224863-a419-4c66-8184-f16e6472c082
86c8265c-b251-40a7-be43-f3e8a45ccd3a
86e9afb9-fb5d-4d6a-b4ef-8b852d50dc4f
be3c87f8-6c68-472e-b573-41583ac249b5
e8fbb59c-318a-4dd7-9c1c-ab206f047c6e
dab891d2-2192-4b71-ae39-c6d987e8191d
0f3cbb23-d6f7-4638-8f07-893c408aefe9
4316629e-87c7-4666-90fe-9d865a7a7130
48e6ccde-1433-43a3-b7bd-dbecade9c05b
1e0e5d73-8448-4a42-afc5-2cda8d4fd211
26f22351-db41-4ac7-bfdc-775472cb4951
aa7ac523-620d-4cdf-b751-fef85b2e5e5a
2dc4d15e-0c84-4927-ae61-a3ae2a8ebb61
49f2cb34-d248-4e17-8f01-752024535281
43c39dc0-ad3d-4ceb-bfc1-02d275ba98fd
c0c7b339-18d2-4d26-aec0-9c55f892fc3d
4d48e43f-033f-4154-959e-aeb6bff4c7cc
9a48eaaa-b9dc-4a94-afac-01ee728cf702
c655dc23-482e-4ebd-bd23-77f44cdf7d61
99d5aee7-043c-42e3-b305-4dc96690411d
911f8ffa-0d87-4ab7-9de0-cf3c6d80b7a4
74656101-9696-46b2-96f3-5a534aeb4d16
f2507205-e1d4-43ea-8ff3-ee468637be2c
43f2117b-611e-4f89-8e08-b1cf586b32ab
32d4973b-9a56-49d8-b8e2-43d4afd116f6
70be4f3b-5a86-4844-a294-e1e507d93003
f9251da9-c75f-4dfb-ad35-35dfab8894b1
3ffc6e13-7d0d-4bdb-a694-b3fe46149672
99d214c7-1b27-49ca-9b98-807b82f91495
0a63b01d-9731-4f58-a091-664f9b0515df
54d6bca3-e850-4845-aab1-2237982d65c9
ec2d8e8f-0a47-412d-b350-10c573364dac
772a68e8-24d6-4044-a2f2-e3cf5fa57396
a9cff36d-fe5f-4743-a5dd-aba57751111d
3d4857db-954c-4036-87a0-eb3dcd1be01f
286190fd-fb32-4092-aa8e-632d8a900615
75de8b66-7b91-473d-b4f9-ca67019f7c89
57d52af2-469d-4245-b07a-2e8fe2d42924
36e1db31-e04d-4e09-93b9-596aede20f27
75252832-c1f0-4d9a-96f8-57253eef9734
180644e9-b9f8-4728-8407-c79829faa97a
f00f0a1a-80a9-462d-b48c-35a0deb5dfb2
1683b281-c017-462d-9814-291ffb3ee74c
9dca82f7-9489-4029-9924-1eabb735e129
6461cec6-1cf3-4ef1-96d3-e18ce1ae6332
edcf5365-84f9-47c1-9b21-16a595b6f247
cdb82186-610e-4e5a-a4fd-d9cad0a2716c
5675bd71-21dd-4b3b-b79f-69a13a102386
f6113c09-8246-4799-ac66-7b198cf9ed0a
043d686c-f789-4fb9-8fae-e23fa33662b2
76f5a825-d7cb-42d8-9d6e-d220fdcb4e82
89bc1ae6-299a-4073-88e6-5753ce3bf63c
0b8a545e-51b3-4278-886a-5e0a51ddbe78
d97d5861-2c30-42fe-b1ad-f5eed1ec3e23
5c7a3776-915e-4abe-9149-fd12c77507e9
5db017c6-42d1-411e-a16f-0e40af48deb1
39800ee4-7dba-4792-b8ed-a3599e7846b7
930eec9f-1cf5-4675-89d0-7e35e60e7dcd
bb879bc3-0b9d-46d4-9fdc-94eae47b98d6
8bccbb97-b188-4558-b657-2dba65589e53
6d2ea044-2d03-4ffb-936c-8ac4a605dd71
706747a2-7cc9-4723-a18e-3f726f8c0ae7
74e5d890-a037-4111-8970-c82323817b55
6f6851c5-0794-4ae3-9385-fc16a412f0ed
135e467d-25e2-40a8-95bb-fe1b86062edc
35abcd6d-9c06-402e-9441-0ab4236a88d1
c87d2d20-592d-4a75-bc49-0c1103632ab6
aa6ebdbb-f060-4537-b63b-7e9e1dc86cde
87a7cfbd-13b0-4892-a61c-dc8ee8cae8ae
967b5553-a99d-475c-b771-25829f13c9be
0755556b-81af-4349-9773-3dcd776e52c2
24b03c2f-0684-45e3-985c-b991c882973c
ee1920a6-a2ae-408a-88af-d28cecec79fb
d90af647-078b-4796-becf-48b65a556c45
42b34d25-cfaa-466a-a29d-4ca64828b872
f5447ab2-5ec4-4464-b7de-275ce5769940
eba587a8-6e08-4322-a14d-3bf0fc390ddc
e323abfe-eb8b-4fa0-af32-639ba77b5782
7c0d4e01-efdd-4665-b7db-8dab00d1cce5
dfd07b49-62e6-48de-a626-bbd510d44a96
ac76f439-6065-4239-9284-f1193efedc7b
3087075b-c4ac-4f07-9921-b94470128f31
dd25709d-d4e2-42a6-9990-5cd83b39b26b
32be5fe2-b982-4b03-809f-349c739fba91
3932b6b3-52cb-402e-9898-0c8e9e6cb839
ef28fc33-895f-4d5e-b047-ada2b12da5d4
e01ddb66-dd70-4b24-9fc0-eb3e92f95c5b
0e57e48f-3d99-4274-8b9e-ea87dfcf8618
416fa89e-7667-4350-ad28-abd5ad172e70
00084da7-b7b7-43a6-9397-08338fbe719a
1cfb87d2-6116-4c0b-a5d9-6a6d488473b1
ce83957c-7038-4449-a633-d09412cf88b3
546dea7e-0f67-43aa-a1b1-fa19792303a6
8da30490-33b7-4948-8052-d39d41f917c5
5b2fe7bb-7c47-4fb2-a90d-9dfd5d261103
90212f3e-cf88-45c2-afe0-3a39687d5cc7
75b78f87-54cc-4f9a-b57b-1e9713f84e81
833cf38a-f0e3-48df-889a-938cf95772d4
536b9256-5c4b-4388-8db0-423d6425b45d
667b0d0d-0d17-485e-ac7d-2cee91bbf9b4
098057f2-9bec-4c0d-99f2-8ffa11f6fecb
4190b1a4-4ff1-4c83-a3ae-98d0fffe4830
cd7ecb13-cb7e-4368-9a44-a840c4e8ddd5
f2cbb75b-7580-41a9-b56a-2d9f285f8e24
31f8bde2-7ea7-4152-9bc6-49d17489f142
390ab1fd-56fe-4999-96fc-1c1a21ff0b82
ea82679d-9508-4635-a1c8-6bcd9a7aeb4e
23e02533-920e-41e8-b81c-849841c5eac2
1cb3497b-31e9-4c66-bee9-419785cca764
790445f8-d85c-4820-9b10-26dfa710f4b6
2a0fcb8a-c828-4a8f-9fe8-4ae808eeb46a
4839ad9f-7894-4147-a2ca-6f4d2467b55a
04b02fcb-0008-42c6-a5ed-373ca8fab546
7ea6e45b-42c3-440a-a44b-cff4f4e80297
db22885a-c4bb-4df6-be1b-cb6aea21ef72
228259ab-bc17-4c28-ad05-a41396a92ee5
05875c1e-aa45-4b76-ac5c-da157da9eb99
9429a344-d4a4-4955-82c6-cf6d63984d0d
a8cec2ae-e98f-4152-9bc8-65eb58ce13bc
a063d26e-52df-4c6b-a805-80ef0a4ceff4
9488279a-18af-41be-8697-d4f3e331a07a
f18bbe7a-979c-4142-90c4-8d09a2a3bb05
702c67ab-1dc5-49d8-9a1e-70841f325dc6
a5e79f1e-6f62-41c3-99b8-e9745df157a3
3d23d831-c377-46a4-8c1d-684aedb0f54c
f6274405-5759-4e8a-84ce-5f87df7ef078
2063856f-6d8d-4c7f-a1bf-6b1221fdbf23
5f4d85e8-f223-4110-a91f-ba937c261115
28f6a2f7-aec1-46f0-a514-0df4e6c47091
24a098aa-ceaa-4d2c-abfd-dede03fb5b67
2104fb42-8b6f-4735-872f-b2eba7ccbb3d
6e9952ed-0974-4fb3-a749-86221db4bd9d
55964c2a-2e78-4a69-8766-597196b66957
e410b9a7-5fc5-4801-a059-d0794bb2cf92
53f8a8d8-97a6-480f-8b75-72679403faae
36822556-214d-4b73-beed-7341a12e64aa
59b60cb8-9112-4ed4-94ea-ae3217450b9a
f48be203-40c4-491c-88e8-a1fa745d8e1a
eedd1dbc-e724-495d-ae05-7752b1e54cc3
0ad9cf3b-65ac-41c5-8f76-b5c84d1c4949
985dc4a2-62db-459b-8a6a-c01ebbbf0de9
5ac01090-89bd-4174-afc4-0c8416d14f37
8c4d28e7-994d-4963-9502-c855d703763d
9d3a15f7-c04a-44dd-b478-37f07a013ba3
922ee5f2-f5c6-488a-9d33-b43d5efcc42d
b78729f5-ec51-44b3-82f7-3dcd1a5f93cb
7e15776f-1dce-42c0-8ba3-eed53207ec6e
92eea567-64f7-4da9-9058-2ade186baf28
f1a46f27-5199-446a-9f08-28853739ae2f
fed3a4fc-c184-403e-9a85-16a6b6ddc6fc
06b5c5cd-91c7-4bdf-be5f-f91ee24235d1
2ea7c616-5fb4-4dd6-b67c-8638f9904a37
93ece051-2c50-4667-bf79-18fd5b2e584b
d0b19471-ea53-4d6d-ad96-102db444a403
c643be30-5f7a-4bd9-a2a8-29f2a9414e14
e398e0df-99f1-4b5c-ae81-980a9df9bd0d
d437f952-b8f2-42d2-b393-c9684acbc6fc
5a9cefec-4da6-4105-a40a-72725254e6e0
adb6f09f-b80d-458b-9c49-9dfa368e1b76
4204ab35-588b-4137-8ca5-9e302d59824f
76aa1130-2b0e-49d2-8d7a-496b605612cc
34a048dc-ca28-4613-a130-d70f9462a0d0
2c851a5e-70a1-4316-abcc-21eeaaf8826a
9ff01a98-56b1-4d6f-ac41-4529f1e6f9f7
69d7a472-c1fa-48c2-a00d-0e62eac09111
be6f7633-acfa-4a19-9618-95afcf39c5d5
9f059def-29bc-4f0c-ab3b-a4a767be0c4a
29fc9999-c692-47a1-9136-7bb5e6c23358
d41e5203-ed8b-4287-8097-bffa8162246c
90ead0fa-c752-411d-abfa-87f8a2a9eba0
7740cc76-2bc9-4f52-a8a6-c40a927ac6a2
6783a711-d492-4edf-b67f-ed4fbe6c9f78
8ac0ac08-a598-48f3-906b-5b032ea6614e
8c8879e3-6e3f-418f-89d4-2f5b6aad8ef5
b450746c-16a1-4961-aa6b-53f222eda8e7
b869c9bb-a713-478c-9ff4-c61bcf9f80dd
6d6b6738-8502-4c7e-9fbe-a1b1a6188e43
4f1fc9f7-44dd-43c0-a408-4c37827da392
3b2e97bd-99e5-4dba-8793-eea63a3c3a15
11d18363-627c-4eb6-9382-e326146a078a
ec2a9261-c067-4e2c-bb1a-896628d62a36
72129e0b-b331-4e98-b280-2e18bcc1d84e
052fa682-503a-4844-9c80-616ed8bd8448
f2b4c8c0-b944-4b94-96dd-65e098dc3f75
47b15b5b-489c-4a1e-9915-dc6691809402
7d0efd21-dbbc-4e94-b6db-8d70fe4d40fe
add18aba-1775-4a84-b948-017aa82a8ea4
ec3e3bb4-4726-43eb-8822-76c40d8f8099
82b8d8de-1e3b-4c15-b7f5-58710da8e6df
064df9b9-cc08-4771-a089-4f6c26fa11d5
56002dd1-02d7-4ec2-9a58-3e05ae59cdf7
0e5dc701-7286-4fc0-8395-3459f81fd507
b20694e9-76d6-401d-810b-9cf190c04449
22bbb34c-91f3-4e97-b72e-ef14b06c9791
df01014c-23f9-480f-994a-9707bd4f0a75
bb2d5bd7-b726-4fc0-9fa3-768bea971812
d211604f-b247-4b77-989c-bb7d39436251
5c1337f7-c0b3-486b-8652-9a0b78ecaded
a0795ee7-af6a-4a26-8164-baa835e25c4d
54ef05d6-2898-4f25-b591-7762c2743c74
53eb65a6-a070-41dc-8eb9-8b745ab36a1e
725f55bf-404e-42a3-b1b5-de89bde3c723
da554829-6e86-441b-9cd8-dc1227c0e4f6
f85da4e7-e439-4c8b-a271-533258ae8795
6271ee9e-9592-45eb-add6-f28c80b1a489
0f706032-5756-49ef-b0fb-650f8cf22db1
c2357afd-3f88-4630-a529-73bf0a97a77e
b1eab21d-4ac0-43ee-9e1d-404c93c0a4a1
f40008e7-714c-4925-a62e-e1e79ede918d
6cbc7135-ec3f-4d07-8584-e226b9aa7671
b70d2fe5-65cf-4790-92e8-6fee9ee2991b
82d369a1-f73d-4981-b244-a8ad4e34373b
43a6ef5d-6af1-4484-bbb0-cf4186940cdf
ba16e36b-83d4-4bd6-bd71-88fa4c322687
c46e916d-6925-4b88-b675-adefec9b3ee7
974ba745-3ecd-4597-836c-d0bdb24efaea
94779330-2c2c-484f-a006-ecc19cc92c11
dcdfc85d-7a8a-412a-943f-e6829371c9d9
571facfb-6ebf-4e59-b1e7-4b7582574ba8
939c15cd-0d88-4abf-ba79-5eb90045e965
106e2f11-2d7c-4d7b-8c91-eae7fc28e410
7d19282d-1963-471f-8f42-2dec9170aabd
67de2e80-9590-40a4-b6a9-857378f9d40b
fbb30a38-b463-465c-968b-d1f72155fed0
df61334f-958f-4e79-9092-9787c9f3df9a
169713ca-431f-4ccb-b82a-018c4b5e8513
94211baf-d321-4f4b-88c0-9fa8808c1f6a
783c6f07-e460-4cb9-b446-91939107ef11
e629b713-f060-48cd-91d8-1c6445042160
75ff99cd-d186-4167-9aa5-ff5a329c2a5e
556fbdbe-a357-433c-ae8a-3d8e3954c67c
8305e98a-67a0-4cec-8bd2-6a50ce9835e2
7f8ba2ac-a3a9-40e5-8f97-6cfc81dc24b1
2a15092b-1d95-4b30-bf4f-28a2ff937090
9609c2d2-0c5a-4439-bffa-0bceb6d3880a
cdc47d97-317f-4af2-b440-f3c2389e2442
6dc84068-5e31-4b41-95c7-fd61b5f64ad5
bb1e023e-354f-46a7-8fa6-02535772537a
e3e3be95-1b96-4bfb-83ad-f2fdba51737e
b2360b1f-4d81-47a6-aeae-e858d5f7584e
2b74bc1a-b511-40ce-954b-a68cb6faae81
def13032-caea-4705-87ea-99ffa16877ac
2a7b2a22-b50a-4b9a-9b8e-ed349619fd5f
4b651111-cff8-4401-9c64-cdcb33366a16
0badb040-ac6a-4477-96a6-07e866b53291
33a9fcf1-c124-4ddc-b165-43761f672cc3
ef3c5366-fad6-4b52-b94d-e708e7a5fcfd
1cfc817d-e517-4694-a4e4-92bb5b06e3a7
ca407c2c-f255-4244-a04b-7609e07e097c
a4b2b3b0-e0a6-495d-8e3c-653aa40e40d8
41baa3c3-2238-40aa-9353-40eada066ccd
f9be6d6e-ac23-42ab-9700-8f36a777f727
da5da4c8-1345-41fa-a404-5eacc8b813e1
158ebf39-b4d9-432a-bcd2-efd139a79c73
d008ffaf-a6f1-4394-91a2-075a3018a73e
faf8754c-db30-4bee-a358-11d44f211b98
1a78e67e-68dc-44ce-bc9e-69d02ad1b59b
113fdc4a-1987-4a4f-8f7e-09cd3f12f393
f4087340-fb08-48d0-b117-54758bfe2254
d43f3f7f-d39f-410c-8292-0efd5b7f624f
4d6af8bb-8b1b-499c-ab4b-b61fc3c0dab0
64200f37-72de-4244-8409-ef2bb023bd91
366c2554-6034-43cf-aea1-e838398c63c4
d3a787e1-4a46-4380-b00b-bcc85237fc70
996aee05-9c59-4b75-a784-b55dce50b03d
1d1c26d8-a2a4-4b59-a26f-064c81a8a627
310fe411-3f88-4beb-b73a-62bcd1bf5c3c
b5cfb2c2-0de7-49e9-8868-a7b937a488c4
c6251a8e-e8e2-4fbe-b255-6ec54c14f738
bd531277-f935-4c05-9319-8656dfa9ff11
c93298cc-df48-479b-95b6-5b4653b91762
f02345e3-6030-4f49-b78b-536568edfda6
0f928da0-28a5-4a82-aa2d-be2de8422998
f2f2cedf-37f2-4736-aaea-61a93e07e319
64702238-ceee-489a-bd74-942f97b674bd
2ca321c7-6bd7-4318-9ea2-54084f18eee6
d3b6bbfe-89e4-4543-897c-36ce1ffb5cda
cf29836c-0f29-46a9-8027-9a159bc9b706
1e3085fb-056f-4978-87d6-1840cfc0980c
df3ebfee-8f82-408c-b138-d7eb54f389ae
7435a9a5-c123-4c45-ada9-7ccffd3540a2
32001884-a8fc-45a9-a790-d85120eca1b5
a55a953d-6659-4faa-97be-aa0624b3a7b5
f8974ff6-e09b-4da3-b4f7-8a2f184db346
cb986d21-af11-4958-b97f-a35b1e4ae8db
a828898f-70ba-4fab-bbd4-812b78f3163e
8a98a933-19b3-493f-b780-f68b558a22fb
960393ff-4d89-4ff4-a27d-0fb4e4182448
2a6425ca-2bec-428b-abdb-6f3153ca4cf1
d2f5f79f-5eeb-4233-b37d-a247184cc2ce
7ca4e521-4ce8-4942-99cf-b7b68df8b92f
e5814eeb-764d-4dd4-8c4b-8deda5719c9f
067ff426-aaa1-4576-9953-151f9c0db4fd
970303dc-ef97-4530-9a1e-da87a4ef05c3
2ee5dc02-09b5-44b9-b339-528a30f0e2d7
0c5aecc4-ce54-46e0-9784-3a8b18874665
f575459f-d66b-4361-a987-8fd80e88bca2
77f0c204-7679-42d9-b1f2-0a016d2d2388
cc569b18-14f2-4256-8014-c4c7b5c5b0fb
5e6ae551-33bf-43d6-89e1-e6012dccfc13
925f7f96-19dd-4e5e-9ca9-d16636381450
327839b9-2566-4c02-b130-67d571462657
a5be022c-5971-45d7-aa1a-0e851f106412
2f3d5227-1f4b-4f41-bd83-2cf6230458dd
1ab5170f-385c-415b-9a3b-4f3c31ad3e2c
309a161d-e7ab-4da9-bc98-938d3da94990
462d69c9-71b5-427e-a70f-1336efc52c08
f7077676-b33d-4f8a-b7a3-4f1de12dd96c
d1b23390-28dc-4c48-8723-3fa2dca511f0
71ece6d3-2134-4fd2-b1af-a4bce1c214f3
0053eac5-398e-48d9-b64d-2b5bcb2d5200
9a3f7e57-0bce-4d68-849a-259a05193e46
85c4d3a4-f17e-4a9d-b7f2-97b63061bf30
0de823be-e4b8-46f1-8fd8-21b8f20cbe20
4a7dd4d6-a4ac-4c64-82f0-677af6e83a8b
819c524a-a461-4870-98ed-826af3cfbe91
973a97e4-f53f-4f86-bbc8-26c1f846a240
eaed59d8-c705-48e5-b0b5-05bd0fece10f
e4ab05b5-10ca-47cb-b3a5-0aff34420c9b
644ceefc-6ffb-4974-9a42-f2e157a42029
acbc557c-1ebb-4843-b837-41dd267ec927
3c202acb-b7be-4b26-b168-2614289bb87c
a43a9dc5-7a0d-410d-b9c5-ad1c4404361a
884f41ff-eecb-46e5-8495-8165050f4fb3
c9c762fb-ed6b-4aeb-830f-110b6ca036aa
6dfce8e3-d4eb-4ce0-b32b-9337e0c91f05
b9409f23-08a6-4002-8498-704d12a2f216
b67d220f-4de4-48ad-952f-167240f97d7e
1995096d-6ee2-4250-9cae-a95787b96c84
58c4c8c5-feeb-4cbc-98ee-4330909f35d4
6e15f9cc-fd3a-442f-b1fe-14645ad93494
e0c70292-f697-44f3-8f3a-3d4be960e22f
71045890-836c-4381-b46b-027c08b6d4b4
e2a1cbe6-00ff-4a83-9c32-7e434b7bb10a
c16d0721-eea0-40be-8a83-b9b0a286a261
f7290a45-864a-4961-b4ec-50d030670d9b
1a10a249-9f24-41e9-b828-370da2b726fd
543ef20f-28e0-490d-98aa-3609cb357320
ddead8bf-5a5f-477b-8da8-23e924186672
a39003e0-4e8a-4b23-803f-7a2a14df24b4
68a6a092-736c-4af1-b426-ae53d7238aa1
0fe54080-6947-4534-a0f6-07d5ac81d6a3
1dc33e50-c738-49ca-b1ef-09fdfeffec5f
34d89f04-2bb1-4d20-a4c8-370ffc8a431f
6569ead1-eff2-4bef-ab4d-251a7b7e473e
04d73f5b-e542-4ade-92e6-35b340091c83
88aa6c22-2be3-4499-9114-df0801eb047a
abaa5d4a-0361-45a1-bbbd-0406cb6795e3
5491c2dc-9952-442b-bea7-2b01756e5fee
143d5f3c-6a22-4a1f-a711-73e70715de26
a87a6cc7-0cd0-459f-9bce-67f41ef6dbdc
944aba86-7a25-45f8-a532-9f56d4a63adf
20e8007f-2e27-496a-be9e-20642c583254
64d42e81-c81b-4ae3-87ff-889ddb465c6f
73da13b1-5b79-4d06-9027-135d2f177fb1
26de91ee-5f2f-42f1-bb57-335fac813861
25b8a88d-0f10-46a1-b239-40a7a55a3d22
0d6dcf59-d183-47e7-9b44-352629f15ada
84f95605-b759-4e9e-8df3-6666ef494b83
ea6dcd64-a5e9-4e2c-a2ab-791c4e4cfa93
7a26c4a6-cad6-4286-8de9-113283b89741
25dfc4cb-ea87-4480-bc5e-f0fa74eeb461
502232ad-7722-404a-b16f-6470d5f917ec
8ffbb9d1-37eb-470c-8b7c-2396ab22eb4f
b92f630e-ebb2-454e-8bed-8cc4d028e698
e84cba9a-ed72-47a7-a01a-83dd884e76c2
f4766a20-f1e6-48ce-bcca-e930235abcf9
4f399805-c0dd-44c7-82bc-cd8edf7d0658
7e8df20d-a29d-47ee-9612-698b181eee49
e5aed6fa-0354-4a89-940c-e3632fe58c64
53af4ada-ad99-435b-ac43-a4936a368de9
cc9d7c58-7618-44fb-b699-4267503fb530
29e9660c-c6e3-454e-ad5d-5a696e113174
2d12f55c-07f0-4d28-ad80-f1bb347df37a
5c10a420-0e45-49bd-8591-dfd52e13065c
82fb038a-3fe6-42e6-bae8-d4c2ef5d53d7
4db3369c-cafc-4003-8190-8181fed81cda
cb3ca1f6-01e5-4d2e-b0ef-6f39a7ef22ff
d70cdfdb-a850-4854-a971-95f62e83c271
f069d86e-3730-4a1b-9f70-361eed1a6a3a
e06b732d-3b30-4ca8-9821-6d0b3f286a0d
a4dce83a-e7e6-468c-bae7-994440dbcda2
796f7e03-f59a-418d-9cfb-c84be20a60f1
54c03453-e29c-4f77-856a-47c50dd841b3
5972a6ae-ff89-45bd-a17f-87332b7fc12f
6e6d6517-148a-4ce4-97b2-93cc0bbd8246
8ef42f05-aaa4-4b28-8e18-c06b2ec8ebb0
59af643e-5c83-49be-b73c-c4d5f74f87e3
c7f8b8a3-2f67-4d97-87e2-569f8e2646ed
9a6dd31e-678f-415f-80f8-f0bd9ed419de
e4f53dcd-efcd-4d10-a142-c7700e713c03
deb3b875-ff76-4e08-8925-dc67f4aafbf0
e08c3069-f75e-4737-805c-91d9049827ef
c3e74f68-b072-4327-a31e-d3199e33a656
2484aec5-b912-4556-ab19-064341c4b29c
aa844aa3-2ccd-48f5-8e32-d5ff15708642
a9357422-3b7a-4316-8005-ff08a535c715
2c25d10d-d6c7-4a01-92fa-093013ca2627
8b46d98e-c54e-44a1-9617-e990f969bd57
b222f36b-9d86-4889-ac59-51379e0bec8c
4717a5ba-2a02-4f23-9c50-573b243cdeb9
5c7dec5b-fde8-4d19-bedb-bcf088f8f0a4
00be4219-f6da-4bf5-af0c-9e36008b64e6
3c0ccc7f-8f87-4351-9b69-4896128755d9
a680afff-a4e0-4181-b4c7-d74edab41bba
930f21bb-e423-4904-876b-f9f322a50730
04ad8883-51f9-4269-9788-615ef791cdc6
deb12263-3059-46b3-b48a-5f872858ccfe
d4d71212-93de-4c44-afb0-e73d328e8ec2
28924879-6328-471d-a828-e0d7013beb9b
8032eb5b-71d1-4198-9a2b-fa9744a2d1a5
dc907efe-4967-4454-8145-249d64b1f534
c94555f6-ab4a-4daa-a735-68310071b01f
39139415-0a9d-46bb-98c9-5caffc02c865
a809253b-55b4-4c9b-9e1b-29a1a10a6069
895db4ec-6e28-43d6-aeff-92e79a8e2226
d3f7058a-7e8d-4e25-90c2-ee10fec055c5
b0164a4b-45b0-4a15-8789-71127f7ffaef
92a78202-b3ce-4b3b-9672-fb2d9c38bef5
cc6e598b-a967-4c62-805d-3aca2f47b584
7dc3cbff-5475-4dd8-a399-a7cf02054753
93aef510-ff3c-4fff-8fcf-5680233f823d
a4ac06e0-e7e3-4911-81c9-4f4d55954322
41ad3bd6-d090-4974-a445-ef765ce9a758
c75f420e-82e9-4474-b12c-0e5a461d11da
73b3ecb6-5705-460f-a3e0-6cfec0c27cf1
b1d1fc54-5f80-4856-af37-cf1a24df028e
9cf5c587-ae37-46ce-b715-4a1adffac2a6
ed0424d9-b97c-4733-9143-44b7d8c929ab
bcd30239-a323-4a60-92af-c77733a21be2
94c29ffc-dba3-48cb-9b7c-5e40895a8282
a49966cf-ae7f-4043-8b02-c4ba78321aac
83c6f8d4-dd78-4fd3-9f2e-58609827c16a
27ec7381-a61e-440d-acd5-52b6ed2080bd
29013314-a3b1-4cff-b9e9-f2a02459e2d8
45e0529b-e2a7-42ff-9395-53b29569eaf4
c23f7aea-5e19-4654-9efe-a3685f79c9b7
b962e829-e837-4ae0-9234-37d6303facfd
f764209f-7c99-4057-ba4c-a0b6bcf5ee54
4b74b83b-b9d4-4862-b8e6-7e16d0ce9b22
92a7a4f4-9428-420d-aa99-67a4244a8a8d
0451501c-a7f6-4d30-b11e-f82b8a8c4e5a
a04abf5d-c81f-45ec-b6c9-1aa77eb175e2
7bb3449f-ecae-482c-ba68-f831ad316577
298639c7-1feb-4dea-87c8-87e5b7aa0fbd
dc1d7374-c2e1-4253-9ff7-aebde924bef8
d9228168-d5ac-45e2-892c-c9692f7a18d6
e6e40c85-01b9-485f-8132-963b22c1a802
f1e98815-a620-49b4-b7ed-b005e5a46a9c
4536abc4-c9c8-4409-b24d-dec7fe4eb2b5
95842477-2b8e-43fa-8275-ad5f191446ad
247f0b28-2e3e-464c-814b-41a75515cd30
2e642ddf-ffa5-4397-990f-d0b8622815d2
a8cf3dc6-4891-4f93-9d37-b79d1150d5d7
f6ebf718-e6d8-4cff-be74-efb28ef7f5a5
9c0a3e95-ab54-44ac-a264-b60c74ed44c3
d01b1e12-0d46-4c52-a2d4-6fcadecaf14b
9b136b40-46c3-4d1f-9fed-be5442729bb7
4677a819-141f-4c13-8dfb-2043b3e3a231
687ef7df-455a-4b54-b923-dc6340278ff4
]]></system-out>
  </testcase>
</testsuite>